Using pre-set license
Built from '2021.3/staging' branch; Version is '2021.3.7f1 (24e8595d6d43) revision 2418777'; Using compiler version '192829333'; Build Type 'Release'
OS: 'Windows 10  (10.0.19045) 64bit CoreSingleLanguage' Language: 'tr' Physical Memory: 16263 MB
BatchMode: 1, IsHumanControllingUs: 0, StartBugReporterOnCrash: 0, Is64bit: 1, IsPro: 1

COMMAND LINE ARGUMENTS:
D:\unity\2021.3.7f1\Editor\Unity.exe
-adb2
-batchMode
-noUpm
-name
AssetImportWorker6
-projectPath
D:/GitHub/adventure/advernture
-logFile
Logs/AssetImportWorker6.log
-srvPort
57533
Successfully changed project path to: D:/GitHub/adventure/advernture
D:/GitHub/adventure/advernture
[UnityMemory] Configuration Parameters - Can be set up in boot.config
    "memorysetup-bucket-allocator-granularity=16"
    "memorysetup-bucket-allocator-bucket-count=8"
    "memorysetup-bucket-allocator-block-size=33554432"
    "memorysetup-bucket-allocator-block-count=8"
    "memorysetup-main-allocator-block-size=16777216"
    "memorysetup-thread-allocator-block-size=16777216"
    "memorysetup-gfx-main-allocator-block-size=16777216"
    "memorysetup-gfx-thread-allocator-block-size=16777216"
    "memorysetup-cache-allocator-block-size=4194304"
    "memorysetup-typetree-allocator-block-size=2097152"
    "memorysetup-profiler-bucket-allocator-granularity=16"
    "memorysetup-profiler-bucket-allocator-bucket-count=8"
    "memorysetup-profiler-bucket-allocator-block-size=33554432"
    "memorysetup-profiler-bucket-allocator-block-count=8"
    "memorysetup-profiler-allocator-block-size=16777216"
    "memorysetup-profiler-editor-allocator-block-size=1048576"
    "memorysetup-temp-allocator-size-main=16777216"
    "memorysetup-job-temp-allocator-block-size=2097152"
    "memorysetup-job-temp-allocator-block-size-background=1048576"
    "memorysetup-job-temp-allocator-reduction-small-platforms=262144"
    "memorysetup-temp-allocator-size-background-worker=32768"
    "memorysetup-temp-allocator-size-job-worker=262144"
    "memorysetup-temp-allocator-size-preload-manager=33554432"
    "memorysetup-temp-allocator-size-nav-mesh-worker=65536"
    "memorysetup-temp-allocator-size-audio-worker=65536"
    "memorysetup-temp-allocator-size-cloud-worker=32768"
    "memorysetup-temp-allocator-size-gi-baking-worker=262144"
    "memorysetup-temp-allocator-size-gfx=262144"
Refreshing native plugins compatible for Editor in 209.60 ms, found 3 plugins.
Preloading 0 native plugins for Editor in 0.00 ms.
Initialize engine version: 2021.3.7f1 (24e8595d6d43)
[Subsystems] Discovering subsystems at path D:/unity/2021.3.7f1/Editor/Data/Resources/UnitySubsystems
[Subsystems] Discovering subsystems at path D:/GitHub/adventure/advernture/Assets
GfxDevice: creating device client; threaded=0; jobified=0
Direct3D:
    Version:  Direct3D 11.0 [level 11.1]
    Renderer: NVIDIA GeForce GTX 1650 (ID=0x1f91)
    Vendor:   NVIDIA
    VRAM:     3949 MB
    Driver:   31.0.15.2647
Initialize mono
Mono path[0] = 'D:/unity/2021.3.7f1/Editor/Data/Managed'
Mono path[1] = 'D:/unity/2021.3.7f1/Editor/Data/MonoBleedingEdge/lib/mono/unityjit-win32'
Mono config path = 'D:/unity/2021.3.7f1/Editor/Data/MonoBleedingEdge/etc'
Using monoOptions --debugger-agent=transport=dt_socket,embedding=1,server=y,suspend=n,address=127.0.0.1:56392
Begin MonoManager ReloadAssembly
Registering precompiled unity dll's ...
Register platform support module: D:/unity/2021.3.7f1/Editor/Data/PlaybackEngines/WebGLSupport/UnityEditor.WebGL.Extensions.dll
Register platform support module: D:/unity/2021.3.7f1/Editor/Data/PlaybackEngines/AndroidPlayer/UnityEditor.Android.Extensions.dll
Register platform support module: D:/unity/2021.3.7f1/Editor/Data/PlaybackEngines/WindowsStandaloneSupport/UnityEditor.WindowsStandalone.Extensions.dll
Registered in 0.004845 seconds.
Native extension for WindowsStandalone target not found
Native extension for Android target not found
Native extension for WebGL target not found
Refreshing native plugins compatible for Editor in 141.88 ms, found 3 plugins.
Preloading 0 native plugins for Editor in 0.00 ms.
Mono: successfully reloaded assembly
- Completed reload, in  1.092 seconds
Domain Reload Profiling:
	ReloadAssembly (1093ms)
		BeginReloadAssembly (102ms)
			ExecutionOrderSort (0ms)
			DisableScriptedObjects (0ms)
			BackupInstance (0ms)
			ReleaseScriptingObjects (0ms)
			CreateAndSetChildDomain (1ms)
		EndReloadAssembly (837ms)
			LoadAssemblies (102ms)
			RebuildTransferFunctionScriptingTraits (0ms)
			SetupTypeCache (188ms)
			ReleaseScriptCaches (0ms)
			RebuildScriptCaches (62ms)
			SetupLoadedEditorAssemblies (478ms)
				LogAssemblyErrors (0ms)
				InitializePlatformSupportModulesInManaged (85ms)
				SetLoadedEditorAssemblies (0ms)
				RefreshPlugins (142ms)
				BeforeProcessingInitializeOnLoad (2ms)
				ProcessInitializeOnLoadAttributes (176ms)
				ProcessInitializeOnLoadMethodAttributes (72ms)
				AfterProcessingInitializeOnLoad (0ms)
				EditorAssembliesLoaded (0ms)
			ExecutionOrderSort2 (0ms)
			AwakeInstancesAfterBackupRestoration (0ms)
Platform modules already initialized, skipping
Registering precompiled user dll's ...
Registered in 0.006682 seconds.
Begin MonoManager ReloadAssembly
Symbol file LoadedFromMemory doesn't match image D:\GitHub\adventure\advernture\Library\PackageCache\com.unity.visualscripting@1.7.8\Editor\VisualScripting.Core\Dependencies\YamlDotNet\Unity.VisualScripting.YamlDotNet.dll
Symbol file LoadedFromMemory doesn't match image D:\GitHub\adventure\advernture\Library\PackageCache\com.unity.visualscripting@1.7.8\Editor\VisualScripting.Core\Dependencies\DotNetZip\Unity.VisualScripting.IonicZip.dll
Native extension for WindowsStandalone target not found
Native extension for Android target not found
Native extension for WebGL target not found
Refreshing native plugins compatible for Editor in 0.72 ms, found 3 plugins.
Preloading 0 native plugins for Editor in 0.00 ms.
Mono: successfully reloaded assembly
- Completed reload, in  1.768 seconds
Domain Reload Profiling:
	ReloadAssembly (1770ms)
		BeginReloadAssembly (311ms)
			ExecutionOrderSort (0ms)
			DisableScriptedObjects (11ms)
			BackupInstance (0ms)
			ReleaseScriptingObjects (0ms)
			CreateAndSetChildDomain (163ms)
		EndReloadAssembly (1271ms)
			LoadAssemblies (121ms)
			RebuildTransferFunctionScriptingTraits (0ms)
			SetupTypeCache (444ms)
			ReleaseScriptCaches (1ms)
			RebuildScriptCaches (87ms)
			SetupLoadedEditorAssemblies (553ms)
				LogAssemblyErrors (0ms)
				InitializePlatformSupportModulesInManaged (21ms)
				SetLoadedEditorAssemblies (1ms)
				RefreshPlugins (1ms)
				BeforeProcessingInitializeOnLoad (135ms)
				ProcessInitializeOnLoadAttributes (347ms)
				ProcessInitializeOnLoadMethodAttributes (44ms)
				AfterProcessingInitializeOnLoad (4ms)
				EditorAssembliesLoaded (0ms)
			ExecutionOrderSort2 (0ms)
			AwakeInstancesAfterBackupRestoration (13ms)
Platform modules already initialized, skipping
========================================================================
Worker process is ready to serve import requests
Launched and connected shader compiler UnityShaderCompiler.exe after 0.10 seconds
Refreshing native plugins compatible for Editor in 0.94 ms, found 3 plugins.
Preloading 0 native plugins for Editor in 0.00 ms.
Unloading 3394 Unused Serialized files (Serialized files now loaded: 0)
Unloading 27 unused Assets / (111.2 KB). Loaded Objects now: 3859.
Memory consumption went from 117.8 MB to 117.7 MB.
Total: 4.412200 ms (FindLiveObjects: 0.337000 ms CreateObjectMapping: 0.244700 ms MarkObjects: 3.622200 ms  DeleteObjects: 0.207300 ms)

AssetImportParameters requested are different than current active one (requested -> active):
  custom:video-decoder-ogg-theora: a1e56fd34408186e4bbccfd4996cb3dc -> 
  custom:container-muxer-webm: aa71ff27fc2769a1b78a27578f13a17b -> 
  custom:container-demuxer-webm: 4f35f7cbe854078d1ac9338744f61a02 -> 
  custom:video-encoder-webm-vp8: eb34c28f22e8b96e1ab97ce403110664 -> 
  custom:video-codec-MediaFoundation-h265: 746d11721c4dcdbdad8f713fa42b33f4 -> 
  custom:audio-encoder-webm-vorbis: bf7c407c2cedff20999df2af8eb42d56 -> 
  custom:framework-win-MediaFoundation: 216162199b28c13a410421893ffa2e32 -> 
  custom:container-demuxer-ogg: 62fdf1f143b41e24485cea50d1cbac27 -> 
  custom:video-decoder-webm-vp8: 9c59270c3fd7afecdb556c50c9e8de78 -> 
  custom:audio-decoder-ogg-vorbis: bf7c407c2cedff20999df2af8eb42d56 -> 
========================================================================
Received Import Request.
  Time since last request: 588181.115819 seconds.
  path: Assets/AGWYN's Low Poly Magical Potions Pack/Prefabs/HandlePotion.014 1.prefab
  artifactKey: Guid(cc78d402c4e900d4d862367a47e33581) Importer(815301076,1909f56bfc062723c751e8b465ee728b)
Start importing Assets/AGWYN's Low Poly Magical Potions Pack/Prefabs/HandlePotion.014 1.prefab using Guid(cc78d402c4e900d4d862367a47e33581) Importer(815301076,1909f56bfc062723c751e8b465ee728b)  -> (artifact id: '9939e97f3d88a5fa51bf581233315aa3') in 0.218300 seconds 
========================================================================
Received Import Request.
  Time since last request: 3.060398 seconds.
  path: Assets/AGWYN's Low Poly Magical Potions Pack/Prefabs/Book 1.prefab
  artifactKey: Guid(f274772ff9bd5de47b6868dd67bb425c) Importer(815301076,1909f56bfc062723c751e8b465ee728b)
Start importing Assets/AGWYN's Low Poly Magical Potions Pack/Prefabs/Book 1.prefab using Guid(f274772ff9bd5de47b6868dd67bb425c) Importer(815301076,1909f56bfc062723c751e8b465ee728b)  -> (artifact id: '832e8af40974713e0c40786aae72c0ee') in 0.028724 seconds 
========================================================================
Received Import Request.
  Time since last request: 8.912061 seconds.
  path: Assets/AGWYN's Low Poly Magical Potions Pack/Prefabs/Prefabs
  artifactKey: Guid(3ac14359dcaf2ac4293f0d02f7963a33) Importer(815301076,1909f56bfc062723c751e8b465ee728b)
Start importing Assets/AGWYN's Low Poly Magical Potions Pack/Prefabs/Prefabs using Guid(3ac14359dcaf2ac4293f0d02f7963a33) Importer(815301076,1909f56bfc062723c751e8b465ee728b)  -> (artifact id: '693a8b27eb6e1fb3afd8b4a042775a1f') in 0.017654 seconds 
========================================================================
Received Import Request.
  Time since last request: 0.020287 seconds.
  path: Assets/AGWYN's Low Poly Magical Potions Pack/Prefabs/Prefabs/Book.prefab
  artifactKey: Guid(7aa39e84897ad8048a20cf8144322dd6) Importer(815301076,1909f56bfc062723c751e8b465ee728b)
Start importing Assets/AGWYN's Low Poly Magical Potions Pack/Prefabs/Prefabs/Book.prefab using Guid(7aa39e84897ad8048a20cf8144322dd6) Importer(815301076,1909f56bfc062723c751e8b465ee728b)  -> (artifact id: '3bed2c61896cd2937621f7d69dc5711d') in 0.051303 seconds 
========================================================================
Received Import Request.
  Time since last request: 0.000040 seconds.
  path: Assets/AGWYN's Low Poly Magical Potions Pack/Prefabs/Prefabs/LongPotion_14.prefab
  artifactKey: Guid(34c40979806e4fd4a8a68ef8947c9540) Importer(815301076,1909f56bfc062723c751e8b465ee728b)
Start importing Assets/AGWYN's Low Poly Magical Potions Pack/Prefabs/Prefabs/LongPotion_14.prefab using Guid(34c40979806e4fd4a8a68ef8947c9540) Importer(815301076,1909f56bfc062723c751e8b465ee728b)  -> (artifact id: 'e8fd35251f4e3190ab7380116a56cb55') in 0.020007 seconds 
========================================================================
Received Import Request.
  Time since last request: 0.000110 seconds.
  path: Assets/AGWYN's Low Poly Magical Potions Pack/Prefabs/Prefabs/LongPotion_3.prefab
  artifactKey: Guid(0dc3fdb7c4d5cbc458f1d26e5c32fa67) Importer(815301076,1909f56bfc062723c751e8b465ee728b)
Start importing Assets/AGWYN's Low Poly Magical Potions Pack/Prefabs/Prefabs/LongPotion_3.prefab using Guid(0dc3fdb7c4d5cbc458f1d26e5c32fa67) Importer(815301076,1909f56bfc062723c751e8b465ee728b)  -> (artifact id: '1263227c736adb14d701233c8a1616f7') in 0.026446 seconds 
========================================================================
Received Import Request.
  Time since last request: 0.000029 seconds.
  path: Assets/AGWYN's Low Poly Magical Potions Pack/Prefabs/Prefabs/LongHandlePotion.012.prefab
  artifactKey: Guid(a07f077d414fa284d97f6c814bbcccbd) Importer(815301076,1909f56bfc062723c751e8b465ee728b)
Start importing Assets/AGWYN's Low Poly Magical Potions Pack/Prefabs/Prefabs/LongHandlePotion.012.prefab using Guid(a07f077d414fa284d97f6c814bbcccbd) Importer(815301076,1909f56bfc062723c751e8b465ee728b)  -> (artifact id: '07f6ab446133e0ef9f66e981a260bb5e') in 0.036319 seconds 
========================================================================
Received Import Request.
  Time since last request: 0.000038 seconds.
  path: Assets/AGWYN's Low Poly Magical Potions Pack/Prefabs/Prefabs/LongHandlePotion.020.prefab
  artifactKey: Guid(3b6756271958424489b4ec1d71c56599) Importer(815301076,1909f56bfc062723c751e8b465ee728b)
Start importing Assets/AGWYN's Low Poly Magical Potions Pack/Prefabs/Prefabs/LongHandlePotion.020.prefab using Guid(3b6756271958424489b4ec1d71c56599) Importer(815301076,1909f56bfc062723c751e8b465ee728b)  -> (artifact id: '06c13c97e108b097c8e86658233f9fd5') in 0.043297 seconds 
========================================================================
Received Import Request.
  Time since last request: 0.000034 seconds.
  path: Assets/AGWYN's Low Poly Magical Potions Pack/Prefabs/Prefabs/Rune_Earth.prefab
  artifactKey: Guid(86fda66285a20434a9010ff0f490d2ab) Importer(815301076,1909f56bfc062723c751e8b465ee728b)
Start importing Assets/AGWYN's Low Poly Magical Potions Pack/Prefabs/Prefabs/Rune_Earth.prefab using Guid(86fda66285a20434a9010ff0f490d2ab) Importer(815301076,1909f56bfc062723c751e8b465ee728b)  -> (artifact id: 'e588848649287f46685841d371d79caa') in 0.023547 seconds 
========================================================================
Received Import Request.
  Time since last request: 0.000043 seconds.
  path: Assets/AGWYN's Low Poly Magical Potions Pack/Prefabs/Prefabs/HandlePotion.014.prefab
  artifactKey: Guid(48c0fe45e88df8244874cdb75123559d) Importer(815301076,1909f56bfc062723c751e8b465ee728b)
Start importing Assets/AGWYN's Low Poly Magical Potions Pack/Prefabs/Prefabs/HandlePotion.014.prefab using Guid(48c0fe45e88df8244874cdb75123559d) Importer(815301076,1909f56bfc062723c751e8b465ee728b)  -> (artifact id: '833d6cd6d6c039ef32c4949639ce8535') in 0.036125 seconds 
========================================================================
Received Import Request.
  Time since last request: 0.000069 seconds.
  path: Assets/AGWYN's Low Poly Magical Potions Pack/Prefabs/Prefabs/ShortHandlePotion.038.prefab
  artifactKey: Guid(7a9a6a6b4002c73459d7d3b45f79cde3) Importer(815301076,1909f56bfc062723c751e8b465ee728b)
Start importing Assets/AGWYN's Low Poly Magical Potions Pack/Prefabs/Prefabs/ShortHandlePotion.038.prefab using Guid(7a9a6a6b4002c73459d7d3b45f79cde3) Importer(815301076,1909f56bfc062723c751e8b465ee728b)  -> (artifact id: '62e6c3ca2a5a58c07a95ab0be3d1dfce') in 0.034756 seconds 
========================================================================
Received Import Request.
  Time since last request: 0.000045 seconds.
  path: Assets/AGWYN's Low Poly Magical Potions Pack/Prefabs/Prefabs/Potion_3.prefab
  artifactKey: Guid(1a43b97dddcbd94448058a0d8119aeae) Importer(815301076,1909f56bfc062723c751e8b465ee728b)
Start importing Assets/AGWYN's Low Poly Magical Potions Pack/Prefabs/Prefabs/Potion_3.prefab using Guid(1a43b97dddcbd94448058a0d8119aeae) Importer(815301076,1909f56bfc062723c751e8b465ee728b)  -> (artifact id: '0c0b64fcb9f96e670aafe1d11d69e239') in 0.020097 seconds 
========================================================================
Received Import Request.
  Time since last request: 0.000035 seconds.
  path: Assets/AGWYN's Low Poly Magical Potions Pack/Prefabs/Prefabs/LongPotion_2.prefab
  artifactKey: Guid(2c9c53e908fc50f43a9aef5b9c769b6d) Importer(815301076,1909f56bfc062723c751e8b465ee728b)
Start importing Assets/AGWYN's Low Poly Magical Potions Pack/Prefabs/Prefabs/LongPotion_2.prefab using Guid(2c9c53e908fc50f43a9aef5b9c769b6d) Importer(815301076,1909f56bfc062723c751e8b465ee728b)  -> (artifact id: 'a337fac6182c3b32d922b35827530bb7') in 0.041292 seconds 
========================================================================
Received Import Request.
  Time since last request: 0.000028 seconds.
  path: Assets/AGWYN's Low Poly Magical Potions Pack/Prefabs/Prefabs/ShortHandlePotion.037.prefab
  artifactKey: Guid(cc0ed0912d0d30f4eaceddb309e364f6) Importer(815301076,1909f56bfc062723c751e8b465ee728b)
Start importing Assets/AGWYN's Low Poly Magical Potions Pack/Prefabs/Prefabs/ShortHandlePotion.037.prefab using Guid(cc0ed0912d0d30f4eaceddb309e364f6) Importer(815301076,1909f56bfc062723c751e8b465ee728b)  -> (artifact id: '2b63fef76de239c80c24a1015221b33a') in 0.130157 seconds 
========================================================================
Received Import Request.
  Time since last request: 0.000043 seconds.
  path: Assets/AGWYN's Low Poly Magical Potions Pack/Prefabs/Prefabs/Rune_Water.prefab
  artifactKey: Guid(b4049d07acb6f434eafcfc5cdcc4d69c) Importer(815301076,1909f56bfc062723c751e8b465ee728b)
Start importing Assets/AGWYN's Low Poly Magical Potions Pack/Prefabs/Prefabs/Rune_Water.prefab using Guid(b4049d07acb6f434eafcfc5cdcc4d69c) Importer(815301076,1909f56bfc062723c751e8b465ee728b)  -> (artifact id: '78e5c1ae53184fbceefa097d27972fac') in 0.019123 seconds 
========================================================================
Received Import Request.
  Time since last request: 0.000056 seconds.
  path: Assets/AGWYN's Low Poly Magical Potions Pack/Prefabs/Prefabs/Potion_2.prefab
  artifactKey: Guid(deef1854144aae14a81c8588141a4684) Importer(815301076,1909f56bfc062723c751e8b465ee728b)
Start importing Assets/AGWYN's Low Poly Magical Potions Pack/Prefabs/Prefabs/Potion_2.prefab using Guid(deef1854144aae14a81c8588141a4684) Importer(815301076,1909f56bfc062723c751e8b465ee728b)  -> (artifact id: 'edd9d32de9073b8496507be2b0eecf54') in 0.016068 seconds 
========================================================================
Received Import Request.
  Time since last request: 0.272808 seconds.
  path: Assets/AGWYN's Low Poly Magical Potions Pack/Prefabs/Prefabs/ShortHandlePotion.041.prefab
  artifactKey: Guid(738de1074ece05f4ba42d09999b9aaea) Importer(815301076,1909f56bfc062723c751e8b465ee728b)
Start importing Assets/AGWYN's Low Poly Magical Potions Pack/Prefabs/Prefabs/ShortHandlePotion.041.prefab using Guid(738de1074ece05f4ba42d09999b9aaea) Importer(815301076,1909f56bfc062723c751e8b465ee728b)  -> (artifact id: '9daf7c0e0db8792a66d52effd9bc9669') in 0.023419 seconds 
========================================================================
Received Import Request.
  Time since last request: 0.000021 seconds.
  path: Assets/AGWYN's Low Poly Magical Potions Pack/Prefabs/Prefabs/ShortPotion_14.prefab
  artifactKey: Guid(178e28e36906cf14798a481069aa2c06) Importer(815301076,1909f56bfc062723c751e8b465ee728b)
Start importing Assets/AGWYN's Low Poly Magical Potions Pack/Prefabs/Prefabs/ShortPotion_14.prefab using Guid(178e28e36906cf14798a481069aa2c06) Importer(815301076,1909f56bfc062723c751e8b465ee728b)  -> (artifact id: '374d4b549b4fa3343df4861b25ca0b5f') in 0.020723 seconds 
========================================================================
Received Import Request.
  Time since last request: 0.000029 seconds.
  path: Assets/AGWYN's Low Poly Magical Potions Pack/Prefabs/Prefabs/ShortPotion_2.prefab
  artifactKey: Guid(7e6111557e556994d8efe9469e85bd45) Importer(815301076,1909f56bfc062723c751e8b465ee728b)
Start importing Assets/AGWYN's Low Poly Magical Potions Pack/Prefabs/Prefabs/ShortPotion_2.prefab using Guid(7e6111557e556994d8efe9469e85bd45) Importer(815301076,1909f56bfc062723c751e8b465ee728b)  -> (artifact id: 'fa4884aedccd9a7d4741e4c7f5754a9e') in 0.022176 seconds 
========================================================================
Received Import Request.
  Time since last request: 23.424801 seconds.
  path: Assets/AGWYN's Low Poly Magical Potions Pack/Prefabs/Book 2.prefab
  artifactKey: Guid(692a5fe04f261b044a6d85a2ecd43200) Importer(815301076,1909f56bfc062723c751e8b465ee728b)
Start importing Assets/AGWYN's Low Poly Magical Potions Pack/Prefabs/Book 2.prefab using Guid(692a5fe04f261b044a6d85a2ecd43200) Importer(815301076,1909f56bfc062723c751e8b465ee728b)  -> (artifact id: '3025b7a21f95f30c08f3d1b8e81d06e1') in 0.046560 seconds 
========================================================================
Received Import Request.
  Time since last request: 0.000043 seconds.
  path: Assets/AGWYN's Low Poly Magical Potions Pack/Prefabs/HandlePotion.013 3.prefab
  artifactKey: Guid(c1ba77de6a3916048a2cb2a8883a8a97) Importer(815301076,1909f56bfc062723c751e8b465ee728b)
Start importing Assets/AGWYN's Low Poly Magical Potions Pack/Prefabs/HandlePotion.013 3.prefab using Guid(c1ba77de6a3916048a2cb2a8883a8a97) Importer(815301076,1909f56bfc062723c751e8b465ee728b)  -> (artifact id: '250da81f3bf292322a8966a2d6157581') in 0.049878 seconds 
========================================================================
Received Import Request.
  Time since last request: 0.000070 seconds.
  path: Assets/AGWYN's Low Poly Magical Potions Pack/Prefabs/Book_Solid 2.prefab
  artifactKey: Guid(a95d3d2ee276d5c4ab12c177444d26a6) Importer(815301076,1909f56bfc062723c751e8b465ee728b)
Start importing Assets/AGWYN's Low Poly Magical Potions Pack/Prefabs/Book_Solid 2.prefab using Guid(a95d3d2ee276d5c4ab12c177444d26a6) Importer(815301076,1909f56bfc062723c751e8b465ee728b)  -> (artifact id: '2beb8766675184498ec97562d49ac0a1') in 0.047507 seconds 
========================================================================
Received Import Request.
  Time since last request: 0.000055 seconds.
  path: Assets/AGWYN's Low Poly Magical Potions Pack/Prefabs/Book_Solid 3.prefab
  artifactKey: Guid(d9e914b3cc9c8324187a9151964c3ba6) Importer(815301076,1909f56bfc062723c751e8b465ee728b)
Start importing Assets/AGWYN's Low Poly Magical Potions Pack/Prefabs/Book_Solid 3.prefab using Guid(d9e914b3cc9c8324187a9151964c3ba6) Importer(815301076,1909f56bfc062723c751e8b465ee728b)  -> (artifact id: '3f475bc8dda3dabbf0da96829ea22ec8') in 0.068107 seconds 
========================================================================
Received Import Request.
  Time since last request: 125.191402 seconds.
  path: Assets/AGWYN's Low Poly Magical Potions Pack/Prefabs/HandlePotion.012.prefab
  artifactKey: Guid(0778feffdbad99241b124082dea58926) Importer(815301076,1909f56bfc062723c751e8b465ee728b)
Start importing Assets/AGWYN's Low Poly Magical Potions Pack/Prefabs/HandlePotion.012.prefab using Guid(0778feffdbad99241b124082dea58926) Importer(815301076,1909f56bfc062723c751e8b465ee728b)  -> (artifact id: 'd583369c26d9d7e2e7b6b96e63892bed') in 0.022411 seconds 
========================================================================
Received Prepare
Registering precompiled user dll's ...
Registered in 0.008963 seconds.
Begin MonoManager ReloadAssembly
Symbol file LoadedFromMemory doesn't match image D:\GitHub\adventure\advernture\Library\PackageCache\com.unity.visualscripting@1.7.8\Editor\VisualScripting.Core\Dependencies\YamlDotNet\Unity.VisualScripting.YamlDotNet.dll
Symbol file LoadedFromMemory doesn't match image D:\GitHub\adventure\advernture\Library\PackageCache\com.unity.visualscripting@1.7.8\Editor\VisualScripting.Core\Dependencies\DotNetZip\Unity.VisualScripting.IonicZip.dll
Native extension for WindowsStandalone target not found
Native extension for Android target not found
Native extension for WebGL target not found
Refreshing native plugins compatible for Editor in 1.70 ms, found 3 plugins.
Preloading 0 native plugins for Editor in 0.00 ms.
Mono: successfully reloaded assembly
- Completed reload, in  2.834 seconds
Domain Reload Profiling:
	ReloadAssembly (2837ms)
		BeginReloadAssembly (239ms)
			ExecutionOrderSort (0ms)
			DisableScriptedObjects (8ms)
			BackupInstance (0ms)
			ReleaseScriptingObjects (0ms)
			CreateAndSetChildDomain (66ms)
		EndReloadAssembly (2414ms)
			LoadAssemblies (181ms)
			RebuildTransferFunctionScriptingTraits (0ms)
			SetupTypeCache (842ms)
			ReleaseScriptCaches (7ms)
			RebuildScriptCaches (135ms)
			SetupLoadedEditorAssemblies (1056ms)
				LogAssemblyErrors (0ms)
				InitializePlatformSupportModulesInManaged (82ms)
				SetLoadedEditorAssemblies (1ms)
				RefreshPlugins (2ms)
				BeforeProcessingInitializeOnLoad (167ms)
				ProcessInitializeOnLoadAttributes (703ms)
				ProcessInitializeOnLoadMethodAttributes (89ms)
				AfterProcessingInitializeOnLoad (10ms)
				EditorAssembliesLoaded (1ms)
			ExecutionOrderSort2 (0ms)
			AwakeInstancesAfterBackupRestoration (27ms)
Platform modules already initialized, skipping
Refreshing native plugins compatible for Editor in 3.77 ms, found 3 plugins.
Preloading 0 native plugins for Editor in 0.00 ms.
Unloading 3389 Unused Serialized files (Serialized files now loaded: 0)
Unloading 20 unused Assets / (78.5 KB). Loaded Objects now: 3868.
Memory consumption went from 122.3 MB to 122.2 MB.
Total: 7.053800 ms (FindLiveObjects: 0.878300 ms CreateObjectMapping: 0.348400 ms MarkObjects: 5.227000 ms  DeleteObjects: 0.592100 ms)

AssetImportParameters requested are different than current active one (requested -> active):
  custom:video-decoder-ogg-theora: a1e56fd34408186e4bbccfd4996cb3dc -> 
  custom:container-muxer-webm: aa71ff27fc2769a1b78a27578f13a17b -> 
  custom:container-demuxer-webm: 4f35f7cbe854078d1ac9338744f61a02 -> 
  custom:video-encoder-webm-vp8: eb34c28f22e8b96e1ab97ce403110664 -> 
  custom:video-codec-MediaFoundation-h265: 746d11721c4dcdbdad8f713fa42b33f4 -> 
  custom:audio-encoder-webm-vorbis: bf7c407c2cedff20999df2af8eb42d56 -> 
  custom:framework-win-MediaFoundation: 216162199b28c13a410421893ffa2e32 -> 
  custom:container-demuxer-ogg: 62fdf1f143b41e24485cea50d1cbac27 -> 
  custom:video-decoder-webm-vp8: 9c59270c3fd7afecdb556c50c9e8de78 -> 
  custom:audio-decoder-ogg-vorbis: bf7c407c2cedff20999df2af8eb42d56 -> 
